<?xml version="1.0" encoding="UTF-8"?>
<!-- Generated by org.testng.reporters.JUnitReportReporter -->
<testsuite skipped="0" hostname="INLN56577263A" name="testserver.server.AppTest" tests="1" failures="0" timestamp="19 Aug 2019 16:52:46 GMT" time="0.035" errors="0">
  <testcase name="testApp" time="0.035" classname="testserver.server.AppTest"/>
</testsuite> <!-- testserver.server.AppTest -->
